Start testing: Jan 27 14:50 CST
----------------------------------------------------------
Unable to find executable: tests/testomushnetwork
1/1 Testing: testomushnetwork
1/1 Test: testomushnetwork
Command: ""
Directory: /Users/msmith/git/omush/proving_grounds/build/test/testomushnetwork
"testomushnetwork" start time: 
Output:
----------------------------------------------------------
<end of output>
Test time =   0.00 sec
----------------------------------------------------------
Test Passed.
"testomushnetwork" end time: Jan 27 14:50 CST
"testomushnetwork" time elapsed: 00:00:00
----------------------------------------------------------

End testing: Jan 27 14:50 CST
